<?xml version="1.0" encoding="UTF-8"?>
<coverage generated="1627827008922" clover="3.2.0">
  <project timestamp="1627827008922" name="All files">
    <metrics statements="22" coveredstatements="14" conditionals="6" coveredconditionals="2" methods="10" coveredmethods="5" elements="38" coveredelements="21" complexity="0" loc="22" ncloc="22" packages="5" files="5" classes="5"/>
    <package name="assets.icons">
      <metrics statements="1" coveredstatements="1" conditionals="0" coveredconditionals="0" methods="0" coveredmethods="0"/>
      <file name="los-cocos-logo.svg" path="D:\Projects\Technical tests\los-cocos-booking\src\assets\icons\los-cocos-logo.svg">
        <metrics statements="1" coveredstatements="1" conditionals="0" coveredconditionals="0" methods="0" coveredmethods="0"/>
        <line num="1" count="1" type="stmt"/>
      </file>
    </package>
    <package name="assets.icons.footer">
      <metrics statements="1" coveredstatements="1" conditionals="0" coveredconditionals="0" methods="0" coveredmethods="0"/>
      <file name="los-cocos-iso-footer.png" path="D:\Projects\Technical tests\los-cocos-booking\src\assets\icons\footer\los-cocos-iso-footer.png">
        <metrics statements="1" coveredstatements="1" conditionals="0" coveredconditionals="0" methods="0" coveredmethods="0"/>
        <line num="1" count="1" type="stmt"/>
      </file>
    </package>
    <package name="components.Datepicker">
      <metrics statements="9" coveredstatements="4" conditionals="4" coveredconditionals="1" methods="5" coveredmethods="2"/>
      <file name="Datepicker.vue" path="D:\Projects\Technical tests\los-cocos-booking\src\components\Datepicker\Datepicker.vue">
        <metrics statements="9" coveredstatements="4" conditionals="4" coveredconditionals="1" methods="5" coveredmethods="2"/>
        <line num="46" count="0" type="stmt"/>
        <line num="49" count="1" type="stmt"/>
        <line num="63" count="0" type="stmt"/>
        <line num="69" count="1" type="cond" truecount="1" falsecount="1"/>
        <line num="71" count="1" type="stmt"/>
        <line num="72" count="1" type="stmt"/>
        <line num="75" count="0" type="cond" truecount="0" falsecount="2"/>
        <line num="77" count="0" type="stmt"/>
        <line num="78" count="0" type="stmt"/>
      </file>
    </package>
    <package name="components.Footer">
      <metrics statements="2" coveredstatements="2" conditionals="0" coveredconditionals="0" methods="1" coveredmethods="1"/>
      <file name="Footer.vue" path="D:\Projects\Technical tests\los-cocos-booking\src\components\Footer\Footer.vue">
        <metrics statements="2" coveredstatements="2" conditionals="0" coveredconditionals="0" methods="1" coveredmethods="1"/>
        <line num="61" count="1" type="stmt"/>
        <line num="67" count="1" type="stmt"/>
      </file>
    </package>
    <package name="components.Navbar">
      <metrics statements="9" coveredstatements="6" conditionals="2" coveredconditionals="1" methods="4" coveredmethods="2"/>
      <file name="Navbar.vue" path="D:\Projects\Technical tests\los-cocos-booking\src\components\Navbar\Navbar.vue">
        <metrics statements="9" coveredstatements="6" conditionals="2" coveredconditionals="1" methods="4" coveredmethods="2"/>
        <line num="80" count="1" type="stmt"/>
        <line num="82" count="1" type="stmt"/>
        <line num="92" count="1" type="stmt"/>
        <line num="115" count="0" type="stmt"/>
        <line num="125" count="1" type="stmt"/>
        <line num="126" count="1" type="cond" truecount="1" falsecount="1"/>
        <line num="127" count="0" type="stmt"/>
        <line num="129" count="1" type="stmt"/>
        <line num="136" count="0" type="stmt"/>
      </file>
    </package>
  </project>
</coverage>
