TN:
SF:D:\Projects\Technical tests\los-cocos-booking\src\assets\icons\los-cocos-logo.svg
FNF:0
FNH:0
DA:1,1
LF:1
LH:1
BRF:0
BRH:0
end_of_record
TN:
SF:D:\Projects\Technical tests\los-cocos-booking\src\assets\icons\footer\los-cocos-iso-footer.png
FNF:0
FNH:0
DA:1,1
LF:1
LH:1
BRF:0
BRH:0
end_of_record
TN:
SF:D:\Projects\Technical tests\los-cocos-booking\src\components\Datepicker\Datepicker.vue
FN:45,(anonymous_1)
FN:49,(anonymous_2)
FN:62,(anonymous_3)
FN:68,(anonymous_4)
FN:74,(anonymous_5)
FNF:5
FNH:2
FNDA:0,(anonymous_1)
FNDA:1,(anonymous_2)
FNDA:0,(anonymous_3)
FNDA:1,(anonymous_4)
FNDA:0,(anonymous_5)
DA:46,0
DA:49,1
DA:63,0
DA:69,1
DA:71,1
DA:72,1
DA:75,0
DA:77,0
DA:78,0
LF:9
LH:4
BRDA:69,0,0,0
BRDA:69,0,1,1
BRDA:75,1,0,0
BRDA:75,1,1,0
BRF:4
BRH:1
end_of_record
TN:
SF:D:\Projects\Technical tests\los-cocos-booking\src\components\Footer\Footer.vue
FN:67,(anonymous_1)
FNF:1
FNH:1
FNDA:1,(anonymous_1)
DA:61,1
DA:67,1
LF:2
LH:2
BRF:0
BRH:0
end_of_record
TN:
SF:D:\Projects\Technical tests\los-cocos-booking\src\components\Navbar\Navbar.vue
FN:92,(anonymous_1)
FN:114,(anonymous_2)
FN:124,(anonymous_3)
FN:135,(anonymous_4)
FNF:4
FNH:2
FNDA:1,(anonymous_1)
FNDA:0,(anonymous_2)
FNDA:1,(anonymous_3)
FNDA:0,(anonymous_4)
DA:80,1
DA:82,1
DA:92,1
DA:115,0
DA:125,1
DA:126,1
DA:127,0
DA:129,1
DA:136,0
LF:9
LH:6
BRDA:126,0,0,0
BRDA:126,0,1,1
BRF:2
BRH:1
end_of_record
